<?xml version="1.0" encoding="UTF-8"?>
<testng-results ignored="0" total="1" passed="1" failed="0" skipped="0">
  <reporter-output>
  </reporter-output>
  <suite started-at="2020-08-31T16:57:16 IST" name="Default suite" finished-at="2020-08-31T16:58:06 IST" duration-ms="50400">
    <groups>
    </groups>
    <test started-at="2020-08-31T16:57:16 IST" name="Default test" finished-at="2020-08-31T16:58:06 IST" duration-ms="50400">
      <class name="userTests.UserTokenTests">
        <test-method is-config="true" signature="registrationT()[pri:0, instance:userTests.UserTokenTests@1f1c7bf6]" started-at="2020-08-31T16:57:16 IST" name="registrationT" finished-at="2020-08-31T16:57:49 IST" duration-ms="32820" status="PASS">
          <reporter-output>
          </reporter-output>
        </test-method> <!-- registrationT -->
        <test-method signature="newtokencreationTest()[pri:0, instance:userTests.UserTokenTests@1f1c7bf6]" started-at="2020-08-31T16:57:49 IST" name="newtokencreationTest" finished-at="2020-08-31T16:58:06 IST" duration-ms="17530" status="PASS">
          <reporter-output>
          </reporter-output>
        </test-method> <!-- newtokencreationTest -->
      </class> <!-- userTests.UserTokenTests -->
    </test> <!-- Default test -->
  </suite> <!-- Default suite -->
</testng-results>
